Arguments: 
  /Users/gates1de/.nvm/versions/node/v14.15.4/bin/node /usr/local/Cellar/yarn/1.22.4/libexec/bin/yarn.js install

PATH: 
  /Users/gates1de/.nvm/versions/node/v14.15.4/bin:/Users/gates1de/google-cloud-sdk/bin:/Users/gates1de/go/bin:/Users/gates1de/.gvm/bin:/Users/gates1de/.pyenv/shims:/Users/gates1de/.pyenv/bin:/Users/gates1de/.rbenv/shims:/Users/gates1de/.rbenv/bin:/usr/local/sbin:/usr/local/bin:/Users/gates1de/.nvm/versions/node/v12.18.0/bin:/usr/local/bin:/usr/bin:/bin:/usr/sbin:/sbin:/Library/Apple/usr/bin:/Users/gates1de/google-cloud-sdk/bin:/Users/gates1de/go/bin:/Users/gates1de/.gvm/bin:/Users/gates1de/.pyenv/shims:/Users/gates1de/.pyenv/bin:/Users/gates1de/.rbenv/shims:/Users/gates1de/.rbenv/bin:/usr/local/sbin:/Users/gates1de/.nvm/versions/node/v12.18.0/bin:Library/Android/sdk/platform-tools:./node_modules/.bin:Library/Android/sdk/platform-tools:./node_modules/.bin

Yarn version: 
  1.22.4

Node version: 
  14.15.4

Platform: 
  darwin x64

Trace: 
  SyntaxError: /Users/gates1de/develop/gates1de/blog/package.json: Unexpected string in JSON at position 67
      at JSON.parse (<anonymous>)
      at /usr/local/Cellar/yarn/1.22.4/libexec/lib/cli.js:1625:59
      at Generator.next (<anonymous>)
      at step (/usr/local/Cellar/yarn/1.22.4/libexec/lib/cli.js:310:30)
      at /usr/local/Cellar/yarn/1.22.4/libexec/lib/cli.js:321:13

npm manifest: 
  {
    "name": "blog",
    "version": "1.0.0",
    "author": "gates1de"
    "scripts": {
      "dev": "next",
      "build": "next build",
      "start": "next start",
      "deploy": "next build && next export",
      "type-check": "tsc",
      "lint": "eslint 'src/**' --ext .ts,.tsx",
      "format": "prettier --write src/*.ts src/**/*.ts src/**/*.tsx"
    },
    "husky": {
      "hooks": {
        "pre-commit": "lint-staged"
      }
    },
    "lint-staged": {
      "*.{js,jsx,ts,tsx}": [
        "npm run lint",
        "git add"
      ]
    },
    "dependencies": {
      "@zeit/next-css": "^1.0.1",
      "next": "^10.0.3",
      "normalize.css": "^8.0.1",
      "react": "^17.0.1",
      "react-dom": "^17.0.1",
      "styled-components": "^5.2.1"
    },
    "devDependencies": {
      "@types/node": "^14.14.10",
      "@types/react": "^17.0.0",
      "@types/react-dom": "^17.0.0",
      "@types/styled-components": "^5.1.4",
      "@typescript-eslint/eslint-plugin": "^4.9.0",
      "@typescript-eslint/parser": "^4.9.0",
      "eslint": "^7.15.0",
      "eslint-config-prettier": "^7.0.0",
      "eslint-plugin-prettier": "^3.2.0",
      "eslint-plugin-react": "^7.21.5",
      "husky": "^4.3.0",
      "lint-staged": "^10.5.3",
      "prettier": "^2.2.1",
      "typescript": "^4.1.2"
    },
    "license": "ISC"
  }

yarn manifest: 
  No manifest

Lockfile: 
  No lockfile
